  test.cpp
H:\VS\cipher\cipher\mpir\mpirxx.h(1610,60): warning C4244:  'argument': conversion from '__int64' to 'mpir_si', possible loss of data
H:\VS\cipher\cipher\mpir\mpirxx.h(1611,63): warning C4244:  'argument': conversion from 'unsigned __int64' to 'mpir_ui', possible loss of data
H:\VS\cipher\cipher\mpir\mpirxx.h(1677,67): warning C4244:  'argument': conversion from '__int64' to 'mpir_si', possible loss of data
H:\VS\cipher\cipher\mpir\mpirxx.h(1678,69): warning C4244:  'argument': conversion from 'unsigned __int64' to 'mpir_ui', possible loss of data
H:\VS\cipher\cipher\mpir\mpirxx.h(1822,69): warning C4244:  'argument': conversion from '__int64' to 'mpir_si', possible loss of data
H:\VS\cipher\cipher\mpir\mpirxx.h(1823,71): warning C4244:  'argument': conversion from 'unsigned __int64' to 'mpir_ui', possible loss of data
H:\VS\cipher\cipher\mpir\mpirxx.h(1905,20): warning C4244:  'argument': conversion from '__int64' to 'mpir_si', possible loss of data
H:\VS\cipher\cipher\mpir\mpirxx.h(1907,20): warning C4244:  'argument': conversion from 'unsigned __int64' to 'mpir_ui', possible loss of data
H:\VS\cipher\cipher\mpir\mpirxx.h(2045,60): warning C4244:  'argument': conversion from '__int64' to 'mpir_si', possible loss of data
H:\VS\cipher\cipher\mpir\mpirxx.h(2047,41): warning C4244:  'argument': conversion from '__int64' to 'mpir_si', possible loss of data
H:\VS\cipher\cipher\mpir\mpirxx.h(2048,62): warning C4244:  'argument': conversion from 'unsigned __int64' to 'mpir_ui', possible loss of data
H:\VS\cipher\cipher\mpir\mpirxx.h(2050,41): warning C4244:  'argument': conversion from 'unsigned __int64' to 'mpir_ui', possible loss of data
H:\VS\cipher\cipher\mpir\mpirxx.h(2136,20): warning C4244:  'argument': conversion from '__int64' to 'mpir_si', possible loss of data
H:\VS\cipher\cipher\mpir\mpirxx.h(2138,20): warning C4244:  'argument': conversion from 'unsigned __int64' to 'mpir_ui', possible loss of data
H:\VS\cipher\cipher\mpir\mpirxx.h(3341,1): warning C4244:  'argument': conversion from '__int64' to 'const long', possible loss of data
H:\VS\cipher\cipher\mpir\mpirxx.h(3341,1): warning C4244:  'argument': conversion from 'unsigned __int64' to 'const unsigned long', possible loss of data
H:\VS\cipher\cipher\mpir\mpirxx.h(3342,1): warning C4244:  'argument': conversion from '__int64' to 'const long', possible loss of data
H:\VS\cipher\cipher\mpir\mpirxx.h(3342,1): warning C4244:  'argument': conversion from 'unsigned __int64' to 'const unsigned long', possible loss of data
H:\VS\cipher\cipher\mpir\mpirxx.h(3343,1): warning C4244:  'argument': conversion from '__int64' to 'const long', possible loss of data
H:\VS\cipher\cipher\mpir\mpirxx.h(3343,1): warning C4244:  'argument': conversion from 'unsigned __int64' to 'const unsigned long', possible loss of data
H:\VS\cipher\cipher\mpir\mpirxx.h(3344,1): warning C4244:  'argument': conversion from '__int64' to 'const long', possible loss of data
H:\VS\cipher\cipher\mpir\mpirxx.h(3344,1): warning C4244:  'argument': conversion from 'unsigned __int64' to 'const unsigned long', possible loss of data
H:\VS\cipher\cipher\mpir\mpirxx.h(3345,1): warning C4244:  'argument': conversion from '__int64' to 'const long', possible loss of data
H:\VS\cipher\cipher\mpir\mpirxx.h(3345,1): warning C4244:  'argument': conversion from 'unsigned __int64' to 'const unsigned long', possible loss of data
H:\VS\cipher\cipher\mpir\mpirxx.h(3347,1): warning C4244:  'argument': conversion from '__int64' to 'const long', possible loss of data
H:\VS\cipher\cipher\mpir\mpirxx.h(3347,1): warning C4244:  'argument': conversion from 'unsigned __int64' to 'const unsigned long', possible loss of data
H:\VS\cipher\cipher\mpir\mpirxx.h(3348,1): warning C4244:  'argument': conversion from '__int64' to 'const long', possible loss of data
H:\VS\cipher\cipher\mpir\mpirxx.h(3348,1): warning C4244:  'argument': conversion from 'unsigned __int64' to 'const unsigned long', possible loss of data
H:\VS\cipher\cipher\mpir\mpirxx.h(3349,1): warning C4244:  'argument': conversion from '__int64' to 'const long', possible loss of data
H:\VS\cipher\cipher\mpir\mpirxx.h(3349,1): warning C4244:  'argument': conversion from 'unsigned __int64' to 'const unsigned long', possible loss of data
H:\VS\cipher\cipher\mpir\mpirxx.h(3359,1): warning C4244:  'argument': conversion from '__int64' to 'const long', possible loss of data
H:\VS\cipher\cipher\mpir\mpirxx.h(3359,1): warning C4244:  'argument': conversion from 'unsigned __int64' to 'const unsigned long', possible loss of data
H:\VS\cipher\cipher\mpir\mpirxx.h(3360,1): warning C4244:  'argument': conversion from '__int64' to 'const long', possible loss of data
H:\VS\cipher\cipher\mpir\mpirxx.h(3360,1): warning C4244:  'argument': conversion from 'unsigned __int64' to 'const unsigned long', possible loss of data
H:\VS\cipher\cipher\mpir\mpirxx.h(3361,1): warning C4244:  'argument': conversion from '__int64' to 'const long', possible loss of data
H:\VS\cipher\cipher\mpir\mpirxx.h(3361,1): warning C4244:  'argument': conversion from 'unsigned __int64' to 'const unsigned long', possible loss of data
H:\VS\cipher\cipher\mpir\mpirxx.h(3362,1): warning C4244:  'argument': conversion from '__int64' to 'const long', possible loss of data
H:\VS\cipher\cipher\mpir\mpirxx.h(3362,1): warning C4244:  'argument': conversion from 'unsigned __int64' to 'const unsigned long', possible loss of data
H:\VS\cipher\cipher\mpir\mpirxx.h(3372,1): warning C4244:  'argument': conversion from '__int64' to 'const long', possible loss of data
H:\VS\cipher\cipher\mpir\mpirxx.h(3372,1): warning C4244:  'argument': conversion from 'unsigned __int64' to 'const unsigned long', possible loss of data
H:\VS\cipher\cipher\mpir\mpirxx.h(3373,1): warning C4244:  'argument': conversion from '__int64' to 'const long', possible loss of data
H:\VS\cipher\cipher\mpir\mpirxx.h(3373,1): warning C4244:  'argument': conversion from 'unsigned __int64' to 'const unsigned long', possible loss of data
H:\VS\cipher\cipher\mpir\mpirxx.h(3374,1): warning C4244:  'argument': conversion from '__int64' to 'const long', possible loss of data
H:\VS\cipher\cipher\mpir\mpirxx.h(3374,1): warning C4244:  'argument': conversion from 'unsigned __int64' to 'const unsigned long', possible loss of data
H:\VS\cipher\cipher\mpir\mpirxx.h(3375,1): warning C4244:  'argument': conversion from '__int64' to 'const long', possible loss of data
H:\VS\cipher\cipher\mpir\mpirxx.h(3375,1): warning C4244:  'argument': conversion from 'unsigned __int64' to 'const unsigned long', possible loss of data
  cipher.vcxproj -> H:\VS\cipher\Debug\cipher.exe
